<?xml version="1.0" encoding="UTF-8"?>
<testsuite xmlns:xsi="http://www.w3.org/2001/XMLSchema-instance" xsi:noNamespaceSchemaLocation="https://maven.apache.org/surefire/maven-surefire-plugin/xsd/surefire-test-report-3.0.xsd" version="3.0" name="com.bankapp.onlinebanking.OnlineBankingApplicationTests" time="3.738" tests="1" errors="0" skipped="0" failures="0">
  <properties>
[...]
</properties>
  <testcase name="contextLoads" classname="com.bankapp.onlinebanking.OnlineBankingApplicationTests" time="0.295">
    <system-out><![CDATA[20:30:06.616 [main] INFO org.springframework.test.context.support.AnnotationConfigContextLoaderUtils -- Could not detect default configuration classes for test class [com.bankapp.onlinebanking.OnlineBankingApplicationTests]: OnlineBankingApplicationTests does not declare any static, non-private, non-final, nested classes annotated with @Configuration.
20:30:06.676 [main] INFO org.springframework.boot.test.context.SpringBootTestContextBootstrapper -- Found @SpringBootConfiguration com.bankapp.onlinebanking.OnlineBankingApplication for test class com.bankapp.onlinebanking.OnlineBankingApplicationTests

  .   ____          _            __ _ _
 /\\ / ___'_ __ _ _(_)_ __  __ _ \ \ \ \
( ( )\___ | '_ | '_| | '_ \/ _` | \ \ \ \
 \\/  ___)| |_)| | | | | || (_| |  ) ) ) )
  '  |____| .__|_| |_|_| |_\__, | / / / /
 =========|_|==============|___/=/_/_/_/

 :: Spring Boot ::                (v3.3.5)

2025-05-28T20:30:06.845-07:00  INFO 12648 --- [online_banking] [           main] c.b.o.OnlineBankingApplicationTests      : Starting OnlineBankingApplicationTests using Java 23.0.2 with PID 12648 (started by johnathanchapman in /Users/johnathanchapman/Documents/Secure-Payment-Gateway/online-banking-backend)
2025-05-28T20:30:06.846-07:00 DEBUG 12648 --- [online_banking] [           main] c.b.o.OnlineBankingApplicationTests      : Running with Spring Boot v3.3.5, Spring v6.1.14
2025-05-28T20:30:06.846-07:00  INFO 12648 --- [online_banking] [           main] c.b.o.OnlineBankingApplicationTests      : The following 1 profile is active: "dev"
2025-05-28T20:30:06.859-07:00 DEBUG 12648 --- [online_banking] [           main] o.s.w.c.s.GenericWebApplicationContext   : Refreshing org.springframework.web.context.support.GenericWebApplicationContext@3ee39da0
2025-05-28T20:30:07.277-07:00  INFO 12648 --- [online_banking] [           main] .s.d.r.c.RepositoryConfigurationDelegate : Bootstrapping Spring Data JPA repositories in DEFAULT mode.
2025-05-28T20:30:07.305-07:00  INFO 12648 --- [online_banking] [           main] .s.d.r.c.RepositoryConfigurationDelegate : Finished Spring Data repository scanning in 25 ms. Found 7 JPA repository interfaces.
2025-05-28T20:30:07.689-07:00  INFO 12648 --- [online_banking] [           main] com.zaxxer.hikari.HikariDataSource       : HikariPool-1 - Starting...
2025-05-28T20:30:07.770-07:00  INFO 12648 --- [online_banking] [           main] com.zaxxer.hikari.pool.HikariPool        : HikariPool-1 - Added connection conn0: url=jdbc:h2:mem:bankingdb user=SA
2025-05-28T20:30:07.771-07:00  INFO 12648 --- [online_banking] [           main] com.zaxxer.hikari.HikariDataSource       : HikariPool-1 - Start completed.
2025-05-28T20:30:07.780-07:00  INFO 12648 --- [online_banking] [           main] o.f.c.i.resource.ResourceNameValidator   : 2 SQL migrations were detected but not run because they did not follow the filename convention.
2025-05-28T20:30:07.780-07:00  INFO 12648 --- [online_banking] [           main] o.f.c.i.resource.ResourceNameValidator   : Set 'validateMigrationNaming' to true to fail fast and see a list of the invalid file names.
2025-05-28T20:30:07.794-07:00  INFO 12648 --- [online_banking] [           main] org.flywaydb.core.FlywayExecutor         : Database: jdbc:h2:mem:bankingdb (H2 2.2)
2025-05-28T20:30:07.796-07:00  WARN 12648 --- [online_banking] [           main] o.f.c.internal.database.base.Database    : Flyway upgrade recommended: H2 2.2.224 is newer than this version of Flyway and support has not been tested. The latest supported version of H2 is 2.2.220.
2025-05-28T20:30:07.802-07:00  INFO 12648 --- [online_banking] [           main] o.f.c.i.s.JdbcTableSchemaHistory         : Schema history table "PUBLIC"."flyway_schema_history" does not exist yet
2025-05-28T20:30:07.802-07:00  INFO 12648 --- [online_banking] [           main] o.f.c.i.command.clean.CleanExecutor      : Successfully dropped pre-schema database level objects (execution time 00:00.000s)
2025-05-28T20:30:07.804-07:00  INFO 12648 --- [online_banking] [           main] o.f.c.i.command.clean.CleanExecutor      : Successfully cleaned schema "PUBLIC" (execution time 00:00.001s)
2025-05-28T20:30:07.805-07:00  INFO 12648 --- [online_banking] [           main] o.f.c.i.command.clean.CleanExecutor      : Successfully cleaned schema "PUBLIC" (execution time 00:00.000s)
2025-05-28T20:30:07.805-07:00  INFO 12648 --- [online_banking] [           main] o.f.c.i.command.clean.CleanExecutor      : Successfully dropped post-schema database level objects (execution time 00:00.000s)
2025-05-28T20:30:07.807-07:00  INFO 12648 --- [online_banking] [           main] o.f.c.i.resource.ResourceNameValidator   : 2 SQL migrations were detected but not run because they did not follow the filename convention.
2025-05-28T20:30:07.807-07:00  INFO 12648 --- [online_banking] [           main] o.f.c.i.resource.ResourceNameValidator   : Set 'validateMigrationNaming' to true to fail fast and see a list of the invalid file names.
2025-05-28T20:30:07.809-07:00  WARN 12648 --- [online_banking] [           main] o.f.c.internal.database.base.Database    : Flyway upgrade recommended: H2 2.2.224 is newer than this version of Flyway and support has not been tested. The latest supported version of H2 is 2.2.220.
2025-05-28T20:30:07.813-07:00  INFO 12648 --- [online_banking] [           main] o.f.c.i.s.JdbcTableSchemaHistory         : Schema history table "PUBLIC"."flyway_schema_history" does not exist yet
2025-05-28T20:30:07.814-07:00  INFO 12648 --- [online_banking] [           main] o.f.core.internal.command.DbValidate     : Successfully validated 4 migrations (execution time 00:00.004s)
2025-05-28T20:30:07.815-07:00  INFO 12648 --- [online_banking] [           main] o.f.c.i.s.JdbcTableSchemaHistory         : Creating Schema History table "PUBLIC"."flyway_schema_history" ...
2025-05-28T20:30:07.828-07:00  INFO 12648 --- [online_banking] [           main] o.f.core.internal.command.DbMigrate      : Current version of schema "PUBLIC": << Empty Schema >>
2025-05-28T20:30:07.831-07:00  INFO 12648 --- [online_banking] [           main] o.f.core.internal.command.DbMigrate      : Migrating schema "PUBLIC" to version "1 - create base tables"
2025-05-28T20:30:07.838-07:00  INFO 12648 --- [online_banking] [           main] o.f.core.internal.command.DbMigrate      : Migrating schema "PUBLIC" to version "2 - add notification tables"
2025-05-28T20:30:07.843-07:00  INFO 12648 --- [online_banking] [           main] o.f.core.internal.command.DbMigrate      : Migrating schema "PUBLIC" to version "3 - insert sample accounts"
2025-05-28T20:30:07.848-07:00  INFO 12648 --- [online_banking] [           main] o.f.core.internal.command.DbMigrate      : Migrating schema "PUBLIC" to version "4 - transactions table"
2025-05-28T20:30:07.884-07:00  INFO 12648 --- [online_banking] [           main] o.f.core.internal.command.DbMigrate      : Successfully applied 4 migrations to schema "PUBLIC", now at version v4 (execution time 00:00.037s)
2025-05-28T20:30:07.930-07:00  INFO 12648 --- [online_banking] [           main] o.hibernate.jpa.internal.util.LogHelper  : HHH000204: Processing PersistenceUnitInfo [name: default]
2025-05-28T20:30:07.958-07:00  INFO 12648 --- [online_banking] [           main] org.hibernate.Version                    : HHH000412: Hibernate ORM core version 6.5.3.Final
2025-05-28T20:30:07.976-07:00  INFO 12648 --- [online_banking] [           main] o.h.c.internal.RegionFactoryInitiator    : HHH000026: Second-level cache disabled
2025-05-28T20:30:08.111-07:00  INFO 12648 --- [online_banking] [           main] o.s.o.j.p.SpringPersistenceUnitInfo      : No LoadTimeWeaver setup: ignoring JPA class transformer
2025-05-28T20:30:08.131-07:00  WARN 12648 --- [online_banking] [           main] org.hibernate.orm.deprecation            : HHH90000025: H2Dialect does not need to be specified explicitly using 'hibernate.dialect' (remove the property setting and it will be selected by default)
2025-05-28T20:30:08.563-07:00  INFO 12648 --- [online_banking] [           main] o.h.e.t.j.p.i.JtaPlatformInitiator       : HHH000489: No JTA platform available (set 'hibernate.transaction.jta.platform' to enable JTA platform integration)
2025-05-28T20:30:08.564-07:00  INFO 12648 --- [online_banking] [           main] j.LocalContainerEntityManagerFactoryBean : Initialized JPA EntityManagerFactory for persistence unit 'default'
2025-05-28T20:30:08.834-07:00  INFO 12648 --- [online_banking] [           main] o.s.d.j.r.query.QueryEnhancerFactory     : Hibernate is in classpath; If applicable, HQL parser will be used.
2025-05-28T20:30:09.411-07:00  WARN 12648 --- [online_banking] [           main] JpaBaseConfiguration$JpaWebConfiguration : spring.jpa.open-in-view is enabled by default. Therefore, database queries may be performed during view rendering. Explicitly configure spring.jpa.open-in-view to disable this warning
2025-05-28T20:30:09.425-07:00  INFO 12648 --- [online_banking] [           main] r$InitializeUserDetailsManagerConfigurer : Global AuthenticationManager configured with UserDetailsService bean with name customUserDetailsService
2025-05-28T20:30:09.499-07:00 DEBUG 12648 --- [online_banking] [           main] o.s.w.s.s.s.WebSocketHandlerMapping      : Patterns [/ws/**] in 'stompWebSocketHandlerMapping'
2025-05-28T20:30:09.536-07:00 DEBUG 12648 --- [online_banking] [           main] s.w.s.m.m.a.RequestMappingHandlerMapping : 24 mappings in 'requestMappingHandlerMapping'
2025-05-28T20:30:09.564-07:00 DEBUG 12648 --- [online_banking] [           main] o.s.w.s.handler.SimpleUrlHandlerMapping  : Patterns [/webjars/**, /**] in 'resourceHandlerMapping'
2025-05-28T20:30:09.621-07:00  INFO 12648 --- [online_banking] [           main] o.s.b.a.e.web.EndpointLinksResolver      : Exposing 1 endpoint beneath base path '/actuator'
2025-05-28T20:30:09.684-07:00 DEBUG 12648 --- [online_banking] [           main] .WebSocketAnnotationMethodMessageHandler : 
	c.b.o.c.AccountController:
	
2025-05-28T20:30:09.685-07:00 DEBUG 12648 --- [online_banking] [           main] .WebSocketAnnotationMethodMessageHandler : 
	c.b.o.c.NotificationController:
	{[MESSAGE],[/notification]}: broadcastNotification(Notification)
2025-05-28T20:30:09.685-07:00 DEBUG 12648 --- [online_banking] [           main] .WebSocketAnnotationMethodMessageHandler : 
	c.b.o.c.NotificationPreferenceController:
	
2025-05-28T20:30:09.685-07:00 DEBUG 12648 --- [online_banking] [           main] .WebSocketAnnotationMethodMessageHandler : 
	c.b.o.c.NotificationRestController:
	
2025-05-28T20:30:09.686-07:00 DEBUG 12648 --- [online_banking] [           main] .WebSocketAnnotationMethodMessageHandler : 
	c.b.o.c.TransactionController:
	
2025-05-28T20:30:09.686-07:00 DEBUG 12648 --- [online_banking] [           main] .WebSocketAnnotationMethodMessageHandler : 
	o.s.b.a.w.s.e.BasicErrorController:
	
2025-05-28T20:30:09.761-07:00 DEBUG 12648 --- [online_banking] [           main] s.w.s.m.m.a.RequestMappingHandlerAdapter : ControllerAdvice beans: 0 @ModelAttribute, 0 @InitBinder, 1 RequestBodyAdvice, 1 ResponseBodyAdvice
2025-05-28T20:30:09.778-07:00 DEBUG 12648 --- [online_banking] [           main] .m.m.a.ExceptionHandlerExceptionResolver : ControllerAdvice beans: 0 @ExceptionHandler, 1 ResponseBodyAdvice
2025-05-28T20:30:09.883-07:00  INFO 12648 --- [online_banking] [           main] o.s.b.a.h2.H2ConsoleAutoConfiguration    : H2 console available at '/h2-console'. Database available at 'jdbc:h2:mem:bankingdb'
2025-05-28T20:30:09.913-07:00 DEBUG 12648 --- [online_banking] [           main] org.springframework.web.SimpLogging      : clientOutboundChannel added SubProtocolWebSocketHandler[StompSubProtocolHandler[v10.stomp, v11.stomp, v12.stomp]]
2025-05-28T20:30:09.913-07:00 DEBUG 12648 --- [online_banking] [           main] org.springframework.web.SimpLogging      : clientInboundChannel added WebSocketAnnotationMethodMessageHandler[prefixes=[/app/]]
2025-05-28T20:30:09.913-07:00  INFO 12648 --- [online_banking] [           main] o.s.m.s.b.SimpleBrokerMessageHandler     : Starting...
2025-05-28T20:30:09.913-07:00 DEBUG 12648 --- [online_banking] [           main] org.springframework.web.SimpLogging      : clientInboundChannel added SimpleBrokerMessageHandler [org.springframework.messaging.simp.broker.DefaultSubscriptionRegistry@2b80dc62]
2025-05-28T20:30:09.913-07:00 DEBUG 12648 --- [online_banking] [           main] org.springframework.web.SimpLogging      : brokerChannel added SimpleBrokerMessageHandler [org.springframework.messaging.simp.broker.DefaultSubscriptionRegistry@2b80dc62]
2025-05-28T20:30:09.913-07:00  INFO 12648 --- [online_banking] [           main] o.s.m.s.b.SimpleBrokerMessageHandler     : BrokerAvailabilityEvent[available=true, SimpleBrokerMessageHandler [org.springframework.messaging.simp.broker.DefaultSubscriptionRegistry@2b80dc62]]
2025-05-28T20:30:09.914-07:00  INFO 12648 --- [online_banking] [           main] o.s.m.s.b.SimpleBrokerMessageHandler     : Started.
2025-05-28T20:30:09.914-07:00 DEBUG 12648 --- [online_banking] [           main] org.springframework.web.SimpLogging      : clientInboundChannel added UserDestinationMessageHandler[DefaultUserDestinationResolver[prefix=/user/]]
2025-05-28T20:30:09.914-07:00 DEBUG 12648 --- [online_banking] [           main] org.springframework.web.SimpLogging      : brokerChannel added UserDestinationMessageHandler[DefaultUserDestinationResolver[prefix=/user/]]
2025-05-28T20:30:09.926-07:00  INFO 12648 --- [online_banking] [           main] c.b.o.OnlineBankingApplicationTests      : Started OnlineBankingApplicationTests in 3.186 seconds (process running for 3.625)
2025-05-28T20:30:09.988-07:00 DEBUG 12648 --- [online_banking] [MessageBroker-2] org.hibernate.SQL                        : 
    select
        t1_0.id,
        t1_0.amount,
        t1_0.balance_after,
        t1_0.category,
        t1_0.description,
        t1_0.device_info,
        t1_0.dispute_date,
        t1_0.dispute_reason,
        t1_0.dispute_resolution,
        t1_0.dispute_status,
        t1_0.fraud_reason,
        t1_0.ip_address,
        t1_0.is_disputed,
        t1_0.is_fraud_suspected,
        t1_0.is_recurring,
        t1_0.location,
        t1_0.merchant_category,
        t1_0.merchant_location,
        t1_0.merchant_name,
        t1_0.notes,
        t1_0.recipient_id,
        t1_0.recurring_pattern,
        t1_0.reference_number,
        t1_0.sender_id,
        t1_0.status,
        t1_0.subcategory,
        t1_0.tags,
        t1_0.timestamp,
        t1_0.transaction_type 
    from
        transactions t1_0 
    where
        t1_0.status=?
Hibernate: 
    select
        t1_0.id,
        t1_0.amount,
        t1_0.balance_after,
        t1_0.category,
        t1_0.description,
        t1_0.device_info,
        t1_0.dispute_date,
        t1_0.dispute_reason,
        t1_0.dispute_resolution,
        t1_0.dispute_status,
        t1_0.fraud_reason,
        t1_0.ip_address,
        t1_0.is_disputed,
        t1_0.is_fraud_suspected,
        t1_0.is_recurring,
        t1_0.location,
        t1_0.merchant_category,
        t1_0.merchant_location,
        t1_0.merchant_name,
        t1_0.notes,
        t1_0.recipient_id,
        t1_0.recurring_pattern,
        t1_0.reference_number,
        t1_0.sender_id,
        t1_0.status,
        t1_0.subcategory,
        t1_0.tags,
        t1_0.timestamp,
        t1_0.transaction_type 
    from
        transactions t1_0 
    where
        t1_0.status=?
]]></system-out>
    <system-err><![CDATA[WARNING: A Java agent has been loaded dynamically (/Users/johnathanchapman/.m2/repository/net/bytebuddy/byte-buddy-agent/1.14.19/byte-buddy-agent-1.14.19.jar)
WARNING: If a serviceability tool is in use, please run with -XX:+EnableDynamicAgentLoading to hide this warning
WARNING: If a serviceability tool is not in use, please run with -Djdk.instrument.traceUsage for more information
WARNING: Dynamic loading of agents will be disallowed by default in a future release
]]></system-err>
  </testcase>
</testsuite>