<?xml version="1.0" encoding="UTF-8"?>
<testsuite xmlns:xsi="http://www.w3.org/2001/XMLSchema-instance" xsi:noNamespaceSchemaLocation="https://maven.apache.org/surefire/maven-surefire-plugin/xsd/surefire-test-report-3.0.xsd" version="3.0" name="com.bankapp.onlinebanking.OnlineBankingApplicationTests" time="3.686" tests="1" errors="0" skipped="0" failures="0">
  <properties>
[...]
</properties>
  <testcase name="contextLoads" classname="com.bankapp.onlinebanking.OnlineBankingApplicationTests" time="0.302">
    <system-out><![CDATA[19:57:21.911 [main] INFO org.springframework.test.context.support.AnnotationConfigContextLoaderUtils -- Could not detect default configuration classes for test class [com.bankapp.onlinebanking.OnlineBankingApplicationTests]: OnlineBankingApplicationTests does not declare any static, non-private, non-final, nested classes annotated with @Configuration.
19:57:21.972 [main] INFO org.springframework.boot.test.context.SpringBootTestContextBootstrapper -- Found @SpringBootConfiguration com.bankapp.onlinebanking.OnlineBankingApplication for test class com.bankapp.onlinebanking.OnlineBankingApplicationTests

  .   ____          _            __ _ _
 /\\ / ___'_ __ _ _(_)_ __  __ _ \ \ \ \
( ( )\___ | '_ | '_| | '_ \/ _` | \ \ \ \
 \\/  ___)| |_)| | | | | || (_| |  ) ) ) )
  '  |____| .__|_| |_|_| |_\__, | / / / /
 =========|_|==============|___/=/_/_/_/

 :: Spring Boot ::                (v3.3.5)

2025-05-28T19:57:22.138-07:00  INFO 10233 --- [online_banking] [           main] c.b.o.OnlineBankingApplicationTests      : Starting OnlineBankingApplicationTests using Java 23.0.2 with PID 10233 (started by johnathanchapman in /Users/johnathanchapman/Documents/Secure-Payment-Gateway/online-banking-backend)
2025-05-28T19:57:22.138-07:00 DEBUG 10233 --- [online_banking] [           main] c.b.o.OnlineBankingApplicationTests      : Running with Spring Boot v3.3.5, Spring v6.1.14
2025-05-28T19:57:22.138-07:00  INFO 10233 --- [online_banking] [           main] c.b.o.OnlineBankingApplicationTests      : The following 1 profile is active: "dev"
2025-05-28T19:57:22.152-07:00 DEBUG 10233 --- [online_banking] [           main] o.s.w.c.s.GenericWebApplicationContext   : Refreshing org.springframework.web.context.support.GenericWebApplicationContext@3ee39da0
2025-05-28T19:57:22.534-07:00  INFO 10233 --- [online_banking] [           main] .s.d.r.c.RepositoryConfigurationDelegate : Bootstrapping Spring Data JPA repositories in DEFAULT mode.
2025-05-28T19:57:22.562-07:00  INFO 10233 --- [online_banking] [           main] .s.d.r.c.RepositoryConfigurationDelegate : Finished Spring Data repository scanning in 24 ms. Found 7 JPA repository interfaces.
2025-05-28T19:57:22.909-07:00  INFO 10233 --- [online_banking] [           main] com.zaxxer.hikari.HikariDataSource       : HikariPool-1 - Starting...
2025-05-28T19:57:22.992-07:00  INFO 10233 --- [online_banking] [           main] com.zaxxer.hikari.pool.HikariPool        : HikariPool-1 - Added connection conn0: url=jdbc:h2:mem:bankdb user=SA
2025-05-28T19:57:22.993-07:00  INFO 10233 --- [online_banking] [           main] com.zaxxer.hikari.HikariDataSource       : HikariPool-1 - Start completed.
2025-05-28T19:57:23.002-07:00  INFO 10233 --- [online_banking] [           main] o.f.c.i.resource.ResourceNameValidator   : 2 SQL migrations were detected but not run because they did not follow the filename convention.
2025-05-28T19:57:23.002-07:00  INFO 10233 --- [online_banking] [           main] o.f.c.i.resource.ResourceNameValidator   : Set 'validateMigrationNaming' to true to fail fast and see a list of the invalid file names.
2025-05-28T19:57:23.016-07:00  INFO 10233 --- [online_banking] [           main] org.flywaydb.core.FlywayExecutor         : Database: jdbc:h2:mem:bankdb (H2 2.2)
2025-05-28T19:57:23.018-07:00  WARN 10233 --- [online_banking] [           main] o.f.c.internal.database.base.Database    : Flyway upgrade recommended: H2 2.2.224 is newer than this version of Flyway and support has not been tested. The latest supported version of H2 is 2.2.220.
2025-05-28T19:57:23.023-07:00  INFO 10233 --- [online_banking] [           main] o.f.c.i.s.JdbcTableSchemaHistory         : Schema history table "PUBLIC"."flyway_schema_history" does not exist yet
2025-05-28T19:57:23.024-07:00  INFO 10233 --- [online_banking] [           main] o.f.c.i.command.clean.CleanExecutor      : Successfully dropped pre-schema database level objects (execution time 00:00.000s)
2025-05-28T19:57:23.026-07:00  INFO 10233 --- [online_banking] [           main] o.f.c.i.command.clean.CleanExecutor      : Successfully cleaned schema "PUBLIC" (execution time 00:00.001s)
2025-05-28T19:57:23.026-07:00  INFO 10233 --- [online_banking] [           main] o.f.c.i.command.clean.CleanExecutor      : Successfully cleaned schema "PUBLIC" (execution time 00:00.000s)
2025-05-28T19:57:23.027-07:00  INFO 10233 --- [online_banking] [           main] o.f.c.i.command.clean.CleanExecutor      : Successfully dropped post-schema database level objects (execution time 00:00.000s)
2025-05-28T19:57:23.030-07:00  INFO 10233 --- [online_banking] [           main] o.f.c.i.resource.ResourceNameValidator   : 2 SQL migrations were detected but not run because they did not follow the filename convention.
2025-05-28T19:57:23.030-07:00  INFO 10233 --- [online_banking] [           main] o.f.c.i.resource.ResourceNameValidator   : Set 'validateMigrationNaming' to true to fail fast and see a list of the invalid file names.
2025-05-28T19:57:23.031-07:00  WARN 10233 --- [online_banking] [           main] o.f.c.internal.database.base.Database    : Flyway upgrade recommended: H2 2.2.224 is newer than this version of Flyway and support has not been tested. The latest supported version of H2 is 2.2.220.
2025-05-28T19:57:23.035-07:00  INFO 10233 --- [online_banking] [           main] o.f.c.i.s.JdbcTableSchemaHistory         : Schema history table "PUBLIC"."flyway_schema_history" does not exist yet
2025-05-28T19:57:23.036-07:00  INFO 10233 --- [online_banking] [           main] o.f.core.internal.command.DbValidate     : Successfully validated 2 migrations (execution time 00:00.003s)
2025-05-28T19:57:23.037-07:00  INFO 10233 --- [online_banking] [           main] o.f.c.i.s.JdbcTableSchemaHistory         : Creating Schema History table "PUBLIC"."flyway_schema_history" ...
2025-05-28T19:57:23.051-07:00  INFO 10233 --- [online_banking] [           main] o.f.core.internal.command.DbMigrate      : Current version of schema "PUBLIC": << Empty Schema >>
2025-05-28T19:57:23.054-07:00  INFO 10233 --- [online_banking] [           main] o.f.core.internal.command.DbMigrate      : Migrating schema "PUBLIC" to version "1 - create base tables"
2025-05-28T19:57:23.062-07:00  INFO 10233 --- [online_banking] [           main] o.f.core.internal.command.DbMigrate      : Migrating schema "PUBLIC" to version "2 - add notification tables"
2025-05-28T19:57:23.069-07:00  INFO 10233 --- [online_banking] [           main] o.f.core.internal.command.DbMigrate      : Successfully applied 2 migrations to schema "PUBLIC", now at version v2 (execution time 00:00.005s)
2025-05-28T19:57:23.115-07:00  INFO 10233 --- [online_banking] [           main] o.hibernate.jpa.internal.util.LogHelper  : HHH000204: Processing PersistenceUnitInfo [name: default]
2025-05-28T19:57:23.143-07:00  INFO 10233 --- [online_banking] [           main] org.hibernate.Version                    : HHH000412: Hibernate ORM core version 6.5.3.Final
2025-05-28T19:57:23.159-07:00  INFO 10233 --- [online_banking] [           main] o.h.c.internal.RegionFactoryInitiator    : HHH000026: Second-level cache disabled
2025-05-28T19:57:23.284-07:00  INFO 10233 --- [online_banking] [           main] o.s.o.j.p.SpringPersistenceUnitInfo      : No LoadTimeWeaver setup: ignoring JPA class transformer
2025-05-28T19:57:23.303-07:00  WARN 10233 --- [online_banking] [           main] org.hibernate.orm.deprecation            : HHH90000025: H2Dialect does not need to be specified explicitly using 'hibernate.dialect' (remove the property setting and it will be selected by default)
2025-05-28T19:57:23.734-07:00  INFO 10233 --- [online_banking] [           main] o.h.e.t.j.p.i.JtaPlatformInitiator       : HHH000489: No JTA platform available (set 'hibernate.transaction.jta.platform' to enable JTA platform integration)
2025-05-28T19:57:23.735-07:00  INFO 10233 --- [online_banking] [           main] j.LocalContainerEntityManagerFactoryBean : Initialized JPA EntityManagerFactory for persistence unit 'default'
2025-05-28T19:57:24.002-07:00  INFO 10233 --- [online_banking] [           main] o.s.d.j.r.query.QueryEnhancerFactory     : Hibernate is in classpath; If applicable, HQL parser will be used.
2025-05-28T19:57:24.609-07:00  WARN 10233 --- [online_banking] [           main] JpaBaseConfiguration$JpaWebConfiguration : spring.jpa.open-in-view is enabled by default. Therefore, database queries may be performed during view rendering. Explicitly configure spring.jpa.open-in-view to disable this warning
2025-05-28T19:57:24.622-07:00  INFO 10233 --- [online_banking] [           main] r$InitializeUserDetailsManagerConfigurer : Global AuthenticationManager configured with UserDetailsService bean with name customUserDetailsService
2025-05-28T19:57:24.694-07:00 DEBUG 10233 --- [online_banking] [           main] o.s.w.s.s.s.WebSocketHandlerMapping      : Patterns [/ws/**] in 'stompWebSocketHandlerMapping'
2025-05-28T19:57:24.735-07:00 DEBUG 10233 --- [online_banking] [           main] s.w.s.m.m.a.RequestMappingHandlerMapping : 24 mappings in 'requestMappingHandlerMapping'
2025-05-28T19:57:24.764-07:00 DEBUG 10233 --- [online_banking] [           main] o.s.w.s.handler.SimpleUrlHandlerMapping  : Patterns [/webjars/**, /**] in 'resourceHandlerMapping'
2025-05-28T19:57:24.837-07:00  INFO 10233 --- [online_banking] [           main] o.s.b.a.e.web.EndpointLinksResolver      : Exposing 1 endpoint beneath base path '/actuator'
2025-05-28T19:57:24.895-07:00 DEBUG 10233 --- [online_banking] [           main] .WebSocketAnnotationMethodMessageHandler : 
	c.b.o.c.AccountController:
	
2025-05-28T19:57:24.896-07:00 DEBUG 10233 --- [online_banking] [           main] .WebSocketAnnotationMethodMessageHandler : 
	c.b.o.c.NotificationController:
	{[MESSAGE],[/notification]}: broadcastNotification(Notification)
2025-05-28T19:57:24.897-07:00 DEBUG 10233 --- [online_banking] [           main] .WebSocketAnnotationMethodMessageHandler : 
	c.b.o.c.NotificationPreferenceController:
	
2025-05-28T19:57:24.897-07:00 DEBUG 10233 --- [online_banking] [           main] .WebSocketAnnotationMethodMessageHandler : 
	c.b.o.c.NotificationRestController:
	
2025-05-28T19:57:24.897-07:00 DEBUG 10233 --- [online_banking] [           main] .WebSocketAnnotationMethodMessageHandler : 
	c.b.o.c.TransactionController:
	
2025-05-28T19:57:24.897-07:00 DEBUG 10233 --- [online_banking] [           main] .WebSocketAnnotationMethodMessageHandler : 
	o.s.b.a.w.s.e.BasicErrorController:
	
2025-05-28T19:57:24.974-07:00 DEBUG 10233 --- [online_banking] [           main] s.w.s.m.m.a.RequestMappingHandlerAdapter : ControllerAdvice beans: 0 @ModelAttribute, 0 @InitBinder, 1 RequestBodyAdvice, 1 ResponseBodyAdvice
2025-05-28T19:57:24.990-07:00 DEBUG 10233 --- [online_banking] [           main] .m.m.a.ExceptionHandlerExceptionResolver : ControllerAdvice beans: 0 @ExceptionHandler, 1 ResponseBodyAdvice
2025-05-28T19:57:25.108-07:00  INFO 10233 --- [online_banking] [           main] o.s.b.a.h2.H2ConsoleAutoConfiguration    : H2 console available at '/h2-console'. Database available at 'jdbc:h2:mem:bankdb'
2025-05-28T19:57:25.145-07:00 DEBUG 10233 --- [online_banking] [           main] org.springframework.web.SimpLogging      : clientOutboundChannel added SubProtocolWebSocketHandler[StompSubProtocolHandler[v10.stomp, v11.stomp, v12.stomp]]
2025-05-28T19:57:25.145-07:00 DEBUG 10233 --- [online_banking] [           main] org.springframework.web.SimpLogging      : clientInboundChannel added WebSocketAnnotationMethodMessageHandler[prefixes=[/app/]]
2025-05-28T19:57:25.145-07:00  INFO 10233 --- [online_banking] [           main] o.s.m.s.b.SimpleBrokerMessageHandler     : Starting...
2025-05-28T19:57:25.145-07:00 DEBUG 10233 --- [online_banking] [           main] org.springframework.web.SimpLogging      : clientInboundChannel added SimpleBrokerMessageHandler [org.springframework.messaging.simp.broker.DefaultSubscriptionRegistry@4436b8b]
2025-05-28T19:57:25.145-07:00 DEBUG 10233 --- [online_banking] [           main] org.springframework.web.SimpLogging      : brokerChannel added SimpleBrokerMessageHandler [org.springframework.messaging.simp.broker.DefaultSubscriptionRegistry@4436b8b]
2025-05-28T19:57:25.145-07:00  INFO 10233 --- [online_banking] [           main] o.s.m.s.b.SimpleBrokerMessageHandler     : BrokerAvailabilityEvent[available=true, SimpleBrokerMessageHandler [org.springframework.messaging.simp.broker.DefaultSubscriptionRegistry@4436b8b]]
2025-05-28T19:57:25.146-07:00  INFO 10233 --- [online_banking] [           main] o.s.m.s.b.SimpleBrokerMessageHandler     : Started.
2025-05-28T19:57:25.146-07:00 DEBUG 10233 --- [online_banking] [           main] org.springframework.web.SimpLogging      : clientInboundChannel added UserDestinationMessageHandler[DefaultUserDestinationResolver[prefix=/user/]]
2025-05-28T19:57:25.146-07:00 DEBUG 10233 --- [online_banking] [           main] org.springframework.web.SimpLogging      : brokerChannel added UserDestinationMessageHandler[DefaultUserDestinationResolver[prefix=/user/]]
2025-05-28T19:57:25.159-07:00  INFO 10233 --- [online_banking] [           main] c.b.o.OnlineBankingApplicationTests      : Started OnlineBankingApplicationTests in 3.129 seconds (process running for 3.562)
2025-05-28T19:57:25.219-07:00 DEBUG 10233 --- [online_banking] [MessageBroker-1] org.hibernate.SQL                        : 
    select
        t1_0.id,
        t1_0.amount,
        t1_0.balance_after,
        t1_0.category,
        t1_0.description,
        t1_0.device_info,
        t1_0.dispute_date,
        t1_0.dispute_reason,
        t1_0.dispute_resolution,
        t1_0.dispute_status,
        t1_0.fraud_reason,
        t1_0.ip_address,
        t1_0.is_disputed,
        t1_0.is_fraud_suspected,
        t1_0.is_recurring,
        t1_0.location,
        t1_0.merchant_category,
        t1_0.merchant_location,
        t1_0.merchant_name,
        t1_0.notes,
        t1_0.recipient_id,
        t1_0.recurring_pattern,
        t1_0.reference_number,
        t1_0.sender_id,
        t1_0.status,
        t1_0.subcategory,
        t1_0.tags,
        t1_0.timestamp,
        t1_0.transaction_type 
    from
        transactions t1_0 
    where
        t1_0.status=?
Hibernate: 
    select
        t1_0.id,
        t1_0.amount,
        t1_0.balance_after,
        t1_0.category,
        t1_0.description,
        t1_0.device_info,
        t1_0.dispute_date,
        t1_0.dispute_reason,
        t1_0.dispute_resolution,
        t1_0.dispute_status,
        t1_0.fraud_reason,
        t1_0.ip_address,
        t1_0.is_disputed,
        t1_0.is_fraud_suspected,
        t1_0.is_recurring,
        t1_0.location,
        t1_0.merchant_category,
        t1_0.merchant_location,
        t1_0.merchant_name,
        t1_0.notes,
        t1_0.recipient_id,
        t1_0.recurring_pattern,
        t1_0.reference_number,
        t1_0.sender_id,
        t1_0.status,
        t1_0.subcategory,
        t1_0.tags,
        t1_0.timestamp,
        t1_0.transaction_type 
    from
        transactions t1_0 
    where
        t1_0.status=?
2025-05-28T19:57:25.221-07:00  WARN 10233 --- [online_banking] [MessageBroker-1] o.h.engine.jdbc.spi.SqlExceptionHelper   : SQL Error: 42102, SQLState: 42S02
2025-05-28T19:57:25.221-07:00 ERROR 10233 --- [online_banking] [MessageBroker-1] o.h.engine.jdbc.spi.SqlExceptionHelper   : Table "TRANSACTIONS" not found; SQL statement:
select t1_0.id,t1_0.amount,t1_0.balance_after,t1_0.category,t1_0.description,t1_0.device_info,t1_0.dispute_date,t1_0.dispute_reason,t1_0.dispute_resolution,t1_0.dispute_status,t1_0.fraud_reason,t1_0.ip_address,t1_0.is_disputed,t1_0.is_fraud_suspected,t1_0.is_recurring,t1_0.location,t1_0.merchant_category,t1_0.merchant_location,t1_0.merchant_name,t1_0.notes,t1_0.recipient_id,t1_0.recurring_pattern,t1_0.reference_number,t1_0.sender_id,t1_0.status,t1_0.subcategory,t1_0.tags,t1_0.timestamp,t1_0.transaction_type from transactions t1_0 where t1_0.status=? [42102-224]
2025-05-28T19:57:25.227-07:00 ERROR 10233 --- [online_banking] [MessageBroker-1] o.s.s.s.TaskUtils$LoggingErrorHandler    : Unexpected error occurred in scheduled task

org.springframework.dao.InvalidDataAccessResourceUsageException: could not prepare statement [Table "TRANSACTIONS" not found; SQL statement:
select t1_0.id,t1_0.amount,t1_0.balance_after,t1_0.category,t1_0.description,t1_0.device_info,t1_0.dispute_date,t1_0.dispute_reason,t1_0.dispute_resolution,t1_0.dispute_status,t1_0.fraud_reason,t1_0.ip_address,t1_0.is_disputed,t1_0.is_fraud_suspected,t1_0.is_recurring,t1_0.location,t1_0.merchant_category,t1_0.merchant_location,t1_0.merchant_name,t1_0.notes,t1_0.recipient_id,t1_0.recurring_pattern,t1_0.reference_number,t1_0.sender_id,t1_0.status,t1_0.subcategory,t1_0.tags,t1_0.timestamp,t1_0.transaction_type from transactions t1_0 where t1_0.status=? [42102-224]] [select t1_0.id,t1_0.amount,t1_0.balance_after,t1_0.category,t1_0.description,t1_0.device_info,t1_0.dispute_date,t1_0.dispute_reason,t1_0.dispute_resolution,t1_0.dispute_status,t1_0.fraud_reason,t1_0.ip_address,t1_0.is_disputed,t1_0.is_fraud_suspected,t1_0.is_recurring,t1_0.location,t1_0.merchant_category,t1_0.merchant_location,t1_0.merchant_name,t1_0.notes,t1_0.recipient_id,t1_0.recurring_pattern,t1_0.reference_number,t1_0.sender_id,t1_0.status,t1_0.subcategory,t1_0.tags,t1_0.timestamp,t1_0.transaction_type from transactions t1_0 where t1_0.status=?]; SQL [select t1_0.id,t1_0.amount,t1_0.balance_after,t1_0.category,t1_0.description,t1_0.device_info,t1_0.dispute_date,t1_0.dispute_reason,t1_0.dispute_resolution,t1_0.dispute_status,t1_0.fraud_reason,t1_0.ip_address,t1_0.is_disputed,t1_0.is_fraud_suspected,t1_0.is_recurring,t1_0.location,t1_0.merchant_category,t1_0.merchant_location,t1_0.merchant_name,t1_0.notes,t1_0.recipient_id,t1_0.recurring_pattern,t1_0.reference_number,t1_0.sender_id,t1_0.status,t1_0.subcategory,t1_0.tags,t1_0.timestamp,t1_0.transaction_type from transactions t1_0 where t1_0.status=?]
	at org.springframework.orm.jpa.vendor.HibernateJpaDialect.convertHibernateAccessException(HibernateJpaDialect.java:277) ~[spring-orm-6.1.14.jar:6.1.14]
	at org.springframework.orm.jpa.vendor.HibernateJpaDialect.translateExceptionIfPossible(HibernateJpaDialect.java:241) ~[spring-orm-6.1.14.jar:6.1.14]
	at org.springframework.orm.jpa.AbstractEntityManagerFactoryBean.translateExceptionIfPossible(AbstractEntityManagerFactoryBean.java:550) ~[spring-orm-6.1.14.jar:6.1.14]
	at org.springframework.dao.support.ChainedPersistenceExceptionTranslator.translateExceptionIfPossible(ChainedPersistenceExceptionTranslator.java:61) ~[spring-tx-6.1.14.jar:6.1.14]
	at org.springframework.dao.support.DataAccessUtils.translateIfNecessary(DataAccessUtils.java:335) ~[spring-tx-6.1.14.jar:6.1.14]
	at org.springframework.dao.support.PersistenceExceptionTranslationInterceptor.invoke(PersistenceExceptionTranslationInterceptor.java:160) ~[spring-tx-6.1.14.jar:6.1.14]
	at org.springframework.aop.framework.ReflectiveMethodInvocation.proceed(ReflectiveMethodInvocation.java:184) ~[spring-aop-6.1.14.jar:6.1.14]
	at org.springframework.data.jpa.repository.support.CrudMethodMetadataPostProcessor$CrudMethodMetadataPopulatingMethodInterceptor.invoke(CrudMethodMetadataPostProcessor.java:136) ~[spring-data-jpa-3.3.5.jar:3.3.5]
	at org.springframework.aop.framework.ReflectiveMethodInvocation.proceed(ReflectiveMethodInvocation.java:184) ~[spring-aop-6.1.14.jar:6.1.14]
	at org.springframework.aop.interceptor.ExposeInvocationInterceptor.invoke(ExposeInvocationInterceptor.java:97) ~[spring-aop-6.1.14.jar:6.1.14]
	at org.springframework.aop.framework.ReflectiveMethodInvocation.proceed(ReflectiveMethodInvocation.java:184) ~[spring-aop-6.1.14.jar:6.1.14]
	at org.springframework.aop.framework.JdkDynamicAopProxy.invoke(JdkDynamicAopProxy.java:223) ~[spring-aop-6.1.14.jar:6.1.14]
	at jdk.proxy2/jdk.proxy2.$Proxy168.findByStatus(Unknown Source) ~[na:na]
	at com.bankapp.onlinebanking.task.NotificationScheduledTasks.checkFlaggedTransactions(NotificationScheduledTasks.java:56) ~[classes/:na]
	at java.base/jdk.internal.reflect.DirectMethodHandleAccessor.invoke(DirectMethodHandleAccessor.java:103) ~[na:na]
	at java.base/java.lang.reflect.Method.invoke(Method.java:580) ~[na:na]
	at org.springframework.scheduling.support.ScheduledMethodRunnable.runInternal(ScheduledMethodRunnable.java:130) ~[spring-context-6.1.14.jar:6.1.14]
	at org.springframework.scheduling.support.ScheduledMethodRunnable.lambda$run$2(ScheduledMethodRunnable.java:124) ~[spring-context-6.1.14.jar:6.1.14]
	at io.micrometer.observation.Observation.observe(Observation.java:499) ~[micrometer-observation-1.13.6.jar:1.13.6]
	at org.springframework.scheduling.support.ScheduledMethodRunnable.run(ScheduledMethodRunnable.java:124) ~[spring-context-6.1.14.jar:6.1.14]
	at org.springframework.scheduling.support.DelegatingErrorHandlingRunnable.run(DelegatingErrorHandlingRunnable.java:54) ~[spring-context-6.1.14.jar:6.1.14]
	at java.base/java.util.concurrent.Executors$RunnableAdapter.call(Executors.java:572) ~[na:na]
	at java.base/java.util.concurrent.FutureTask.runAndReset(FutureTask.java:358) ~[na:na]
	at java.base/java.util.concurrent.ScheduledThreadPoolExecutor$ScheduledFutureTask.run(ScheduledThreadPoolExecutor.java:305) ~[na:na]
	at java.base/java.util.concurrent.ThreadPoolExecutor.runWorker(ThreadPoolExecutor.java:1144) ~[na:na]
	at java.base/java.util.concurrent.ThreadPoolExecutor$Worker.run(ThreadPoolExecutor.java:642) ~[na:na]
	at java.base/java.lang.Thread.run(Thread.java:1575) ~[na:na]
Caused by: org.hibernate.exception.SQLGrammarException: could not prepare statement [Table "TRANSACTIONS" not found; SQL statement:
select t1_0.id,t1_0.amount,t1_0.balance_after,t1_0.category,t1_0.description,t1_0.device_info,t1_0.dispute_date,t1_0.dispute_reason,t1_0.dispute_resolution,t1_0.dispute_status,t1_0.fraud_reason,t1_0.ip_address,t1_0.is_disputed,t1_0.is_fraud_suspected,t1_0.is_recurring,t1_0.location,t1_0.merchant_category,t1_0.merchant_location,t1_0.merchant_name,t1_0.notes,t1_0.recipient_id,t1_0.recurring_pattern,t1_0.reference_number,t1_0.sender_id,t1_0.status,t1_0.subcategory,t1_0.tags,t1_0.timestamp,t1_0.transaction_type from transactions t1_0 where t1_0.status=? [42102-224]] [select t1_0.id,t1_0.amount,t1_0.balance_after,t1_0.category,t1_0.description,t1_0.device_info,t1_0.dispute_date,t1_0.dispute_reason,t1_0.dispute_resolution,t1_0.dispute_status,t1_0.fraud_reason,t1_0.ip_address,t1_0.is_disputed,t1_0.is_fraud_suspected,t1_0.is_recurring,t1_0.location,t1_0.merchant_category,t1_0.merchant_location,t1_0.merchant_name,t1_0.notes,t1_0.recipient_id,t1_0.recurring_pattern,t1_0.reference_number,t1_0.sender_id,t1_0.status,t1_0.subcategory,t1_0.tags,t1_0.timestamp,t1_0.transaction_type from transactions t1_0 where t1_0.status=?]
	at org.hibernate.exception.internal.SQLExceptionTypeDelegate.convert(SQLExceptionTypeDelegate.java:66) ~[hibernate-core-6.5.3.Final.jar:6.5.3.Final]
	at org.hibernate.exception.internal.StandardSQLExceptionConverter.convert(StandardSQLExceptionConverter.java:58) ~[hibernate-core-6.5.3.Final.jar:6.5.3.Final]
	at org.hibernate.engine.jdbc.spi.SqlExceptionHelper.convert(SqlExceptionHelper.java:108) ~[hibernate-core-6.5.3.Final.jar:6.5.3.Final]
	at org.hibernate.engine.jdbc.internal.StatementPreparerImpl$StatementPreparationTemplate.prepareStatement(StatementPreparerImpl.java:194) ~[hibernate-core-6.5.3.Final.jar:6.5.3.Final]
	at org.hibernate.engine.jdbc.internal.StatementPreparerImpl.prepareQueryStatement(StatementPreparerImpl.java:155) ~[hibernate-core-6.5.3.Final.jar:6.5.3.Final]
	at org.hibernate.sql.exec.spi.JdbcSelectExecutor.lambda$list$0(JdbcSelectExecutor.java:85) ~[hibernate-core-6.5.3.Final.jar:6.5.3.Final]
	at org.hibernate.sql.results.jdbc.internal.DeferredResultSetAccess.executeQuery(DeferredResultSetAccess.java:231) ~[hibernate-core-6.5.3.Final.jar:6.5.3.Final]
	at org.hibernate.sql.results.jdbc.internal.DeferredResultSetAccess.getResultSet(DeferredResultSetAccess.java:167) ~[hibernate-core-6.5.3.Final.jar:6.5.3.Final]
	at org.hibernate.sql.results.jdbc.internal.JdbcValuesResultSetImpl.advanceNext(JdbcValuesResultSetImpl.java:265) ~[hibernate-core-6.5.3.Final.jar:6.5.3.Final]
	at org.hibernate.sql.results.jdbc.internal.JdbcValuesResultSetImpl.processNext(JdbcValuesResultSetImpl.java:145) ~[hibernate-core-6.5.3.Final.jar:6.5.3.Final]
	at org.hibernate.sql.results.jdbc.internal.AbstractJdbcValues.next(AbstractJdbcValues.java:19) ~[hibernate-core-6.5.3.Final.jar:6.5.3.Final]
	at org.hibernate.sql.results.internal.RowProcessingStateStandardImpl.next(RowProcessingStateStandardImpl.java:67) ~[hibernate-core-6.5.3.Final.jar:6.5.3.Final]
	at org.hibernate.sql.results.spi.ListResultsConsumer.consume(ListResultsConsumer.java:204) ~[hibernate-core-6.5.3.Final.jar:6.5.3.Final]
	at org.hibernate.sql.results.spi.ListResultsConsumer.consume(ListResultsConsumer.java:33) ~[hibernate-core-6.5.3.Final.jar:6.5.3.Final]
	at org.hibernate.sql.exec.internal.JdbcSelectExecutorStandardImpl.doExecuteQuery(JdbcSelectExecutorStandardImpl.java:211) ~[hibernate-core-6.5.3.Final.jar:6.5.3.Final]
	at org.hibernate.sql.exec.internal.JdbcSelectExecutorStandardImpl.executeQuery(JdbcSelectExecutorStandardImpl.java:83) ~[hibernate-core-6.5.3.Final.jar:6.5.3.Final]
	at org.hibernate.sql.exec.spi.JdbcSelectExecutor.list(JdbcSelectExecutor.java:76) ~[hibernate-core-6.5.3.Final.jar:6.5.3.Final]
	at org.hibernate.sql.exec.spi.JdbcSelectExecutor.list(JdbcSelectExecutor.java:65) ~[hibernate-core-6.5.3.Final.jar:6.5.3.Final]
	at org.hibernate.query.sqm.internal.ConcreteSqmSelectQueryPlan.lambda$new$2(ConcreteSqmSelectQueryPlan.java:139) ~[hibernate-core-6.5.3.Final.jar:6.5.3.Final]
	at org.hibernate.query.sqm.internal.ConcreteSqmSelectQueryPlan.withCacheableSqmInterpretation(ConcreteSqmSelectQueryPlan.java:382) ~[hibernate-core-6.5.3.Final.jar:6.5.3.Final]
	at org.hibernate.query.sqm.internal.ConcreteSqmSelectQueryPlan.performList(ConcreteSqmSelectQueryPlan.java:302) ~[hibernate-core-6.5.3.Final.jar:6.5.3.Final]
	at org.hibernate.query.sqm.internal.QuerySqmImpl.doList(QuerySqmImpl.java:526) ~[hibernate-core-6.5.3.Final.jar:6.5.3.Final]
	at org.hibernate.query.spi.AbstractSelectionQuery.list(AbstractSelectionQuery.java:423) ~[hibernate-core-6.5.3.Final.jar:6.5.3.Final]
	at org.hibernate.query.Query.getResultList(Query.java:120) ~[hibernate-core-6.5.3.Final.jar:6.5.3.Final]
	at java.base/jdk.internal.reflect.DirectMethodHandleAccessor.invoke(DirectMethodHandleAccessor.java:103) ~[na:na]
	at java.base/java.lang.reflect.Method.invoke(Method.java:580) ~[na:na]
	at org.springframework.orm.jpa.SharedEntityManagerCreator$DeferredQueryInvocationHandler.invoke(SharedEntityManagerCreator.java:418) ~[spring-orm-6.1.14.jar:6.1.14]
	at jdk.proxy2/jdk.proxy2.$Proxy184.getResultList(Unknown Source) ~[na:na]
	at org.springframework.data.jpa.repository.query.JpaQueryExecution$CollectionExecution.doExecute(JpaQueryExecution.java:129) ~[spring-data-jpa-3.3.5.jar:3.3.5]
	at org.springframework.data.jpa.repository.query.JpaQueryExecution.execute(JpaQueryExecution.java:92) ~[spring-data-jpa-3.3.5.jar:3.3.5]
	at org.springframework.data.jpa.repository.query.AbstractJpaQuery.doExecute(AbstractJpaQuery.java:152) ~[spring-data-jpa-3.3.5.jar:3.3.5]
	at org.springframework.data.jpa.repository.query.AbstractJpaQuery.execute(AbstractJpaQuery.java:140) ~[spring-data-jpa-3.3.5.jar:3.3.5]
	at org.springframework.data.repository.core.support.RepositoryMethodInvoker.doInvoke(RepositoryMethodInvoker.java:170) ~[spring-data-commons-3.3.5.jar:3.3.5]
	at org.springframework.data.repository.core.support.RepositoryMethodInvoker.invoke(RepositoryMethodInvoker.java:158) ~[spring-data-commons-3.3.5.jar:3.3.5]
	at org.springframework.data.repository.core.support.QueryExecutorMethodInterceptor.doInvoke(QueryExecutorMethodInterceptor.java:169) ~[spring-data-commons-3.3.5.jar:3.3.5]
	at org.springframework.data.repository.core.support.QueryExecutorMethodInterceptor.invoke(QueryExecutorMethodInterceptor.java:148) ~[spring-data-commons-3.3.5.jar:3.3.5]
	at org.springframework.aop.framework.ReflectiveMethodInvocation.proceed(ReflectiveMethodInvocation.java:184) ~[spring-aop-6.1.14.jar:6.1.14]
	at org.springframework.data.projection.DefaultMethodInvokingMethodInterceptor.invoke(DefaultMethodInvokingMethodInterceptor.java:70) ~[spring-data-commons-3.3.5.jar:3.3.5]
	at org.springframework.aop.framework.ReflectiveMethodInvocation.proceed(ReflectiveMethodInvocation.java:184) ~[spring-aop-6.1.14.jar:6.1.14]
	at org.springframework.transaction.interceptor.TransactionAspectSupport.invokeWithinTransaction(TransactionAspectSupport.java:379) ~[spring-tx-6.1.14.jar:6.1.14]
	at org.springframework.transaction.interceptor.TransactionInterceptor.invoke(TransactionInterceptor.java:119) ~[spring-tx-6.1.14.jar:6.1.14]
	at org.springframework.aop.framework.ReflectiveMethodInvocation.proceed(ReflectiveMethodInvocation.java:184) ~[spring-aop-6.1.14.jar:6.1.14]
	at org.springframework.dao.support.PersistenceExceptionTranslationInterceptor.invoke(PersistenceExceptionTranslationInterceptor.java:138) ~[spring-tx-6.1.14.jar:6.1.14]
	... 21 common frames omitted
Caused by: org.h2.jdbc.JdbcSQLSyntaxErrorException: Table "TRANSACTIONS" not found; SQL statement:
select t1_0.id,t1_0.amount,t1_0.balance_after,t1_0.category,t1_0.description,t1_0.device_info,t1_0.dispute_date,t1_0.dispute_reason,t1_0.dispute_resolution,t1_0.dispute_status,t1_0.fraud_reason,t1_0.ip_address,t1_0.is_disputed,t1_0.is_fraud_suspected,t1_0.is_recurring,t1_0.location,t1_0.merchant_category,t1_0.merchant_location,t1_0.merchant_name,t1_0.notes,t1_0.recipient_id,t1_0.recurring_pattern,t1_0.reference_number,t1_0.sender_id,t1_0.status,t1_0.subcategory,t1_0.tags,t1_0.timestamp,t1_0.transaction_type from transactions t1_0 where t1_0.status=? [42102-224]
	at org.h2.message.DbException.getJdbcSQLException(DbException.java:514) ~[h2-2.2.224.jar:2.2.224]
	at org.h2.message.DbException.getJdbcSQLException(DbException.java:489) ~[h2-2.2.224.jar:2.2.224]
	at org.h2.message.DbException.get(DbException.java:223) ~[h2-2.2.224.jar:2.2.224]
	at org.h2.message.DbException.get(DbException.java:199) ~[h2-2.2.224.jar:2.2.224]
	at org.h2.command.Parser.getTableOrViewNotFoundDbException(Parser.java:8064) ~[h2-2.2.224.jar:2.2.224]
	at org.h2.command.Parser.getTableOrViewNotFoundDbException(Parser.java:8035) ~[h2-2.2.224.jar:2.2.224]
	at org.h2.command.Parser.readTableOrView(Parser.java:8024) ~[h2-2.2.224.jar:2.2.224]
	at org.h2.command.Parser.readTablePrimary(Parser.java:1788) ~[h2-2.2.224.jar:2.2.224]
	at org.h2.command.Parser.readTableReference(Parser.java:2268) ~[h2-2.2.224.jar:2.2.224]
	at org.h2.command.Parser.parseSelectFromPart(Parser.java:2718) ~[h2-2.2.224.jar:2.2.224]
	at org.h2.command.Parser.parseSelect(Parser.java:2824) ~[h2-2.2.224.jar:2.2.224]
	at org.h2.command.Parser.parseQueryPrimary(Parser.java:2708) ~[h2-2.2.224.jar:2.2.224]
	at org.h2.command.Parser.parseQueryTerm(Parser.java:2564) ~[h2-2.2.224.jar:2.2.224]
	at org.h2.command.Parser.parseQueryExpressionBody(Parser.java:2543) ~[h2-2.2.224.jar:2.2.224]
	at org.h2.command.Parser.parseQueryExpressionBodyAndEndOfQuery(Parser.java:2536) ~[h2-2.2.224.jar:2.2.224]
	at org.h2.command.Parser.parseQueryExpression(Parser.java:2529) ~[h2-2.2.224.jar:2.2.224]
	at org.h2.command.Parser.parseQuery(Parser.java:2498) ~[h2-2.2.224.jar:2.2.224]
	at org.h2.command.Parser.parsePrepared(Parser.java:627) ~[h2-2.2.224.jar:2.2.224]
	at org.h2.command.Parser.parse(Parser.java:592) ~[h2-2.2.224.jar:2.2.224]
	at org.h2.command.Parser.parse(Parser.java:564) ~[h2-2.2.224.jar:2.2.224]
	at org.h2.command.Parser.prepareCommand(Parser.java:483) ~[h2-2.2.224.jar:2.2.224]
	at org.h2.engine.SessionLocal.prepareLocal(SessionLocal.java:639) ~[h2-2.2.224.jar:2.2.224]
	at org.h2.engine.SessionLocal.prepareCommand(SessionLocal.java:559) ~[h2-2.2.224.jar:2.2.224]
	at org.h2.jdbc.JdbcConnection.prepareCommand(JdbcConnection.java:1166) ~[h2-2.2.224.jar:2.2.224]
	at org.h2.jdbc.JdbcPreparedStatement.<init>(JdbcPreparedStatement.java:93) ~[h2-2.2.224.jar:2.2.224]
	at org.h2.jdbc.JdbcConnection.prepareStatement(JdbcConnection.java:316) ~[h2-2.2.224.jar:2.2.224]
	at com.zaxxer.hikari.pool.ProxyConnection.prepareStatement(ProxyConnection.java:328) ~[HikariCP-5.1.0.jar:na]
	at com.zaxxer.hikari.pool.HikariProxyConnection.prepareStatement(HikariProxyConnection.java) ~[HikariCP-5.1.0.jar:na]
	at org.hibernate.engine.jdbc.internal.StatementPreparerImpl$5.doPrepare(StatementPreparerImpl.java:153) ~[hibernate-core-6.5.3.Final.jar:6.5.3.Final]
	at org.hibernate.engine.jdbc.internal.StatementPreparerImpl$StatementPreparationTemplate.prepareStatement(StatementPreparerImpl.java:183) ~[hibernate-core-6.5.3.Final.jar:6.5.3.Final]
	... 60 common frames omitted

]]></system-out>
    <system-err><![CDATA[WARNING: A Java agent has been loaded dynamically (/Users/johnathanchapman/.m2/repository/net/bytebuddy/byte-buddy-agent/1.14.19/byte-buddy-agent-1.14.19.jar)
WARNING: If a serviceability tool is in use, please run with -XX:+EnableDynamicAgentLoading to hide this warning
WARNING: If a serviceability tool is not in use, please run with -Djdk.instrument.traceUsage for more information
WARNING: Dynamic loading of agents will be disallowed by default in a future release
]]></system-err>
  </testcase>
</testsuite>